$ next dev
▲ Next.js 16.2.4 (Turbopack)
- Local:         http://localhost:3000
- Network:       http://10.3.0.10:3000
- Environments: .env
✓ Ready in 437ms

⚠ Blocked cross-origin request to Next.js dev resource /_next/webpack-hmr from "101.32.162.2".
Cross-origin access to Next.js dev resources is blocked by default for safety.

To allow this host in development, add it to "allowedDevOrigins" in next.config.js and restart the dev server:

// next.config.js
module.exports = {
  allowedDevOrigins: ['101.32.162.2'],
}

Read more: https://nextjs.org/docs/app/api-reference/config/next-config-js/allowedDevOrigins
⨯ ./src/app/page.tsx:72:13
Expected '</', got 'jsx text'
  [90m70 |[0m           {activeTab === [32m'test'[0m && <[33mTest[0m />}
  [90m71 |[0m         </div>
[31m[1m>[0m [90m72 |[0m       </div>
  [90m   |[0m             [31m[1m^^^^^^^^^^^^^^^^^^^^^^^^^^^^^^^^^^^^^^^^^^^^^^^^^^^^^^^^^^^^^^^^^^^^^^^^^^^^^^^^^[0m
[31m[1m>[0m [90m73 |[0m     </[33mAuthWrapper[0m>
  [90m   |[0m [31m[1m^^^^[0m
  [90m74 |[0m   );
  [90m75 |[0m }

Parsing ecmascript source code failed


 GET / 500 in 184ms (next.js: 73ms, application-code: 111ms)
⨯ ./src/app/page.tsx:72:13
Expected '</', got 'jsx text'
  [90m70 |[0m           {activeTab === [32m'test'[0m && <[33mTest[0m />}
  [90m71 |[0m         </div>
[31m[1m>[0m [90m72 |[0m       </div>
  [90m   |[0m             [31m[1m^^^^^^^^^^^^^^^^^^^^^^^^^^^^^^^^^^^^^^^^^^^^^^^^^^^^^^^^^^^^^^^^^^^^^^^^^^^^^^^^^[0m
[31m[1m>[0m [90m73 |[0m     </[33mAuthWrapper[0m>
  [90m   |[0m [31m[1m^^^^[0m
  [90m74 |[0m   );
  [90m75 |[0m }

Parsing ecmascript source code failed


 GET / 500 in 26ms (next.js: 12ms, application-code: 14ms)
⨯ ./src/app/page.tsx:72:13
Expected '</', got 'jsx text'
  [90m70 |[0m           {activeTab === [32m'test'[0m && <[33mTest[0m />}
  [90m71 |[0m         </div>
[31m[1m>[0m [90m72 |[0m       </div>
  [90m   |[0m             [31m[1m^^^^^^^^^^^^^^^^^^^^^^^^^^^^^^^^^^^^^^^^^^^^^^^^^^^^^^^^^^^^^^^^^^^^^^^^^^^^^^^^^[0m
[31m[1m>[0m [90m73 |[0m     </[33mAuthWrapper[0m>
  [90m   |[0m [31m[1m^^^^[0m
  [90m74 |[0m   );
  [90m75 |[0m }

Parsing ecmascript source code failed


 GET / 500 in 19ms (next.js: 9ms, application-code: 10ms)
⚠ Blocked cross-origin request to Next.js dev resource /__nextjs_original-stack-frames from "101.32.162.2".
Cross-origin access to Next.js dev resources is blocked by default for safety.

To allow this host in development, add it to "allowedDevOrigins" in next.config.js and restart the dev server:

// next.config.js
module.exports = {
  allowedDevOrigins: ['101.32.162.2'],
}

Read more: https://nextjs.org/docs/app/api-reference/config/next-config-js/allowedDevOrigins
 GET /login 500 in 24ms (next.js: 15ms, application-code: 9ms)
⨯ ./src/app/page.tsx:3:1
Module not found: Can't resolve '@/auth-wrapper'
  [90m1 |[0m [32m'use client'[0m;
  [90m2 |[0m
[31m[1m>[0m [90m3 |[0m [36mimport[0m { [33mAuthWrapper[0m } [36mfrom[0m [32m'@/auth-wrapper'[0m;
  [90m  |[0m [31m[1m^^^^^^^^^^^^^^^^^^^^^^^^^^^^^^^^^^^^^^^^^^^^^[0m
  [90m4 |[0m [36mimport[0m { useState } [36mfrom[0m [32m'react'[0m;
  [90m5 |[0m [36mimport[0m { [33mDashboard[0m } [36mfrom[0m [32m'../components/cascade/Dashboard'[0m;
  [90m6 |[0m [36mimport[0m { [33mProviders[0m } [36mfrom[0m [32m'../components/cascade/Providers'[0m;

Import map: aliased to relative './src/auth-wrapper' inside of [project]/


Import traces:
  Client Component Browser:
    ./src/app/page.tsx [Client Component Browser]
    ./src/app/page.tsx [Server Component]

  Client Component SSR:
    ./src/app/page.tsx [Client Component SSR]
    ./src/app/page.tsx [Server Component]

https://nextjs.org/docs/messages/module-not-found


⨯ ./src/app/page.tsx:3:1
Module not found: Can't resolve '@/auth-wrapper'
  [90m1 |[0m [32m'use client'[0m;
  [90m2 |[0m
[31m[1m>[0m [90m3 |[0m [36mimport[0m { [33mAuthWrapper[0m } [36mfrom[0m [32m'@/auth-wrapper'[0m;
  [90m  |[0m [31m[1m^^^^^^^^^^^^^^^^^^^^^^^^^^^^^^^^^^^^^^^^^^^^^[0m
  [90m4 |[0m [36mimport[0m { useState } [36mfrom[0m [32m'react'[0m;
  [90m5 |[0m [36mimport[0m { [33mDashboard[0m } [36mfrom[0m [32m'../components/cascade/Dashboard'[0m;
  [90m6 |[0m [36mimport[0m { [33mProviders[0m } [36mfrom[0m [32m'../components/cascade/Providers'[0m;

Import map: aliased to relative './src/auth-wrapper' inside of [project]/


Import traces:
  Client Component Browser:
    ./src/app/page.tsx [Client Component Browser]
    ./src/app/page.tsx [Server Component]

  Client Component SSR:
    ./src/app/page.tsx [Client Component SSR]
    ./src/app/page.tsx [Server Component]

https://nextjs.org/docs/messages/module-not-found


⨯ ./src/app/page.tsx:3:1
Module not found: Can't resolve '@/auth-wrapper'
  [90m1 |[0m [32m'use client'[0m;
  [90m2 |[0m
[31m[1m>[0m [90m3 |[0m [36mimport[0m { [33mAuthWrapper[0m } [36mfrom[0m [32m'@/auth-wrapper'[0m;
  [90m  |[0m [31m[1m^^^^^^^^^^^^^^^^^^^^^^^^^^^^^^^^^^^^^^^^^^^^^[0m
  [90m4 |[0m [36mimport[0m { useState } [36mfrom[0m [32m'react'[0m;
  [90m5 |[0m [36mimport[0m { [33mDashboard[0m } [36mfrom[0m [32m'../components/cascade/Dashboard'[0m;
  [90m6 |[0m [36mimport[0m { [33mProviders[0m } [36mfrom[0m [32m'../components/cascade/Providers'[0m;

Import map: aliased to relative './src/auth-wrapper' inside of [project]/


Import traces:
  Client Component Browser:
    ./src/app/page.tsx [Client Component Browser]
    ./src/app/page.tsx [Server Component]

  Client Component SSR:
    ./src/app/page.tsx [Client Component SSR]
    ./src/app/page.tsx [Server Component]

https://nextjs.org/docs/messages/module-not-found


⨯ ./src/app/page.tsx:3:1
Module not found: Can't resolve '@/auth-wrapper'
  [90m1 |[0m [32m'use client'[0m;
  [90m2 |[0m
[31m[1m>[0m [90m3 |[0m [36mimport[0m { [33mAuthWrapper[0m } [36mfrom[0m [32m'@/auth-wrapper'[0m;
  [90m  |[0m [31m[1m^^^^^^^^^^^^^^^^^^^^^^^^^^^^^^^^^^^^^^^^^^^^^[0m
  [90m4 |[0m [36mimport[0m { useState } [36mfrom[0m [32m'react'[0m;
  [90m5 |[0m [36mimport[0m { [33mDashboard[0m } [36mfrom[0m [32m'../components/cascade/Dashboard'[0m;
  [90m6 |[0m [36mimport[0m { [33mProviders[0m } [36mfrom[0m [32m'../components/cascade/Providers'[0m;

Import map: aliased to relative './src/auth-wrapper' inside of [project]/


Import traces:
  Client Component Browser:
    ./src/app/page.tsx [Client Component Browser]
    ./src/app/page.tsx [Server Component]

  Client Component SSR:
    ./src/app/page.tsx [Client Component SSR]
    ./src/app/page.tsx [Server Component]

https://nextjs.org/docs/messages/module-not-found


 GET /login 500 in 17ms (next.js: 6ms, application-code: 11ms)
 GET /login 500 in 13ms (next.js: 5ms, application-code: 8ms)
[?25h
